<?xml version="1.0" encoding="UTF-8"?>
<!-- Generated by org.testng.reporters.JUnitReportReporter -->
<testsuite hostname="DESKTOP-FO2KUNJ" failures="0" tests="1" name="Seleniumdemo.Reports" time="27.763" errors="0" timestamp="2022-09-16T22:01:44 IST" skipped="0">
  <testcase classname="Seleniumdemo.Reports" name="reports" time="27.763"/>
  <system-out/>
</testsuite> <!-- Seleniumdemo.Reports -->
