<?xml version="1.0" encoding="UTF-8"?>
<!-- Generated by org.testng.reporters.JUnitReportReporter -->
<testsuite hostname="DESKTOP-FO2KUNJ" failures="0" tests="1" name="Seleniumdemo.Casestudy" time="104.848" errors="0" timestamp="2022-09-16T21:31:35 IST" skipped="0">
  <testcase classname="Seleniumdemo.Casestudy" name="testcase" time="104.848"/>
  <system-out/>
</testsuite> <!-- Seleniumdemo.Casestudy -->
